<?xml version="1.0" encoding="UTF-8"?>
<testsuite xmlns:xsi="http://www.w3.org/2001/XMLSchema-instance" xsi:noNamespaceSchemaLocation="https://maven.apache.org/surefire/maven-surefire-plugin/xsd/surefire-test-report-3.0.xsd" version="3.0" name="steps.RunCucumberTest" time="5.216" tests="1" errors="0" skipped="0" failures="0">
  <properties>
[...]
</properties>
  <testcase name="ProbeAufgabe - Test Login Process - Examples - Example #1.1" classname="ProbeAufgabe - Test Login Process - Examples" time="4.872">
    <system-out><![CDATA[
@Login
Scenario Outline: Test Login Process                               &amp#27;[90m# features//Testsuite.feature:10&amp#27;[0m
  &amp#27;[32mGiven &amp#27;[0m&amp#27;[32mNavigate to application&amp#27;[0m                                    &amp#27;[90m# steps.MyStepdefs.navigateToApplication()&amp#27;[0m
  &amp#27;[32mWhen &amp#27;[0m&amp#27;[32mLogin to application with&amp#27;[0m&amp#27;[32m&amp#27;[1m"standard_user"&amp#27;[0m&amp#27;[32m and &amp#27;[0m&amp#27;[32m&amp#27;[1m"secret_sauce"&amp#27;[0m &amp#27;[90m# steps.MyStepdefs.loginToApplicationWithAnd(java.lang.String,java.lang.String)&amp#27;[0m
  &amp#27;[32mThen &amp#27;[0m&amp#27;[32mVerify Login&amp#27;[0m                                                &amp#27;[90m# steps.MyStepdefs.verifyLogin()&amp#27;[0m
]]></system-out>
  </testcase>
</testsuite>